{
  "stats": {
    "suites": 1,
    "tests": 1,
    "passes": 1,
    "pending": 0,
    "failures": 0,
    "start": "2024-11-09T20:15:39.646Z",
    "end": "2024-11-09T20:15:44.661Z",
    "duration": 5015,
    "testsRegistered": 1,
    "passPercent": 100,
    "pendingPercent": 0,
    "other": 0,
    "hasOther": false,
    "skipped": 0,
    "hasSkipped": false
  },
  "results": [
    {
      "uuid": "b4d3d305-c7ab-43a6-84a9-d49bd99a75e3",
      "title": "",
      "fullFile": "cypress/integration/examples/Test5.js",
      "file": "cypress/integration/examples/Test5.js",
      "beforeHooks": [],
      "afterHooks": [],
      "tests": [],
      "suites": [
        {
          "uuid": "113aa344-60f4-4f35-a609-2e728fbb58c0",
          "title": "My 5 Test",
          "fullFile": "",
          "file": "",
          "beforeHooks": [],
          "afterHooks": [],
          "tests": [
            {
              "title": "Does not do much!",
              "fullTitle": "My 5 Test Does not do much!",
              "timedOut": null,
              "duration": 3833,
              "state": "passed",
              "speed": "fast",
              "pass": true,
              "fail": false,
              "pending": false,
              "context": null,
              "code": "cy.visit(\"https://rahulshettyacademy.com/AutomationPractice/\");\n// alert\ncy.get(\"#alertbtn\").click();\ncy.get('[value=\"Confirm\"]').click();\n// window:alert\ncy.on(\"window:alert\", str => {\n  // Mocha\n  expect(str).to.equal(\"Hello , share this practice page and share your knowledge\");\n});\ncy.on(\"window:confirm\", str => {\n  // Mocha\n  expect(str).to.equal(\"Hello , Are you sure you want to confirm?\");\n});",
              "err": {},
              "uuid": "c4be9cce-ae97-434c-a83b-1a54b06814c3",
              "parentUUID": "113aa344-60f4-4f35-a609-2e728fbb58c0",
              "isHook": false,
              "skipped": false
            }
          ],
          "suites": [],
          "passes": [
            "c4be9cce-ae97-434c-a83b-1a54b06814c3"
          ],
          "failures": [],
          "pending": [],
          "skipped": [],
          "duration": 3833,
          "root": false,
          "rootEmpty": false,
          "_timeout": 2000
        }
      ],
      "passes": [],
      "failures": [],
      "pending": [],
      "skipped": [],
      "duration": 0,
      "root": true,
      "rootEmpty": true,
      "_timeout": 2000
    }
  ],
  "meta": {
    "mocha": {
      "version": "7.0.1"
    },
    "mochawesome": {
      "options": {
        "quiet": false,
        "reportFilename": "my-report.html",
        "saveHtml": false,
        "saveJson": true,
        "consoleReporter": "spec",
        "useInlineDiffs": false,
        "code": true
      },
      "version": "7.1.3"
    },
    "marge": {
      "options": {
        "useInlineDiffs": true,
        "embeddedScreenshots": true,
        "reportDir": "cypress/results/.jsons",
        "reportFilename": "my-report.html",
        "overwrite": false,
        "html": false,
        "json": true,
        "charts": true,
        "reportPageTitle": "custom-title",
        "inlineAssets": true,
        "saveAllAttempts": false,
        "videoOnFailOnly": false
      },
      "version": "6.2.0"
    }
  }
}