{
  "stats": {
    "suites": 1,
    "tests": 1,
    "passes": 1,
    "pending": 0,
    "failures": 0,
    "start": "2024-11-09T20:41:02.306Z",
    "end": "2024-11-09T20:41:12.354Z",
    "duration": 10048,
    "testsRegistered": 1,
    "passPercent": 100,
    "pendingPercent": 0,
    "other": 0,
    "hasOther": false,
    "skipped": 0,
    "hasSkipped": false
  },
  "results": [
    {
      "uuid": "dfa29ea0-cca4-4e10-b5fc-d7ecfe29bf49",
      "title": "",
      "fullFile": "cypress/integration/examples/Test9.js",
      "file": "cypress/integration/examples/Test9.js",
      "beforeHooks": [],
      "afterHooks": [],
      "tests": [],
      "suites": [
        {
          "uuid": "070a5893-d93d-4d99-a578-3a195fc8040f",
          "title": "My 9 Test",
          "fullFile": "",
          "file": "",
          "beforeHooks": [],
          "afterHooks": [],
          "tests": [
            {
              "title": "Does not do much!",
              "fullTitle": "My 9 Test Does not do much!",
              "timedOut": null,
              "duration": 8787,
              "state": "passed",
              "speed": "medium",
              "pass": true,
              "fail": false,
              "pending": false,
              "context": null,
              "code": "cy.visit(\"https://rahulshettyacademy.com/AutomationPractice/\");\ncy.get(\"#opentab\").then(function (el) {\n  const url = el.prop(\"href\");\n  cy.visit(url);\n  cy.origin(url, () => {\n    cy.get(\"div.sub-menu-bar a[href*='about']\").click();\n  });\n});",
              "err": {},
              "uuid": "e9b2d9b8-79c6-48ba-a852-8efce8d71e5c",
              "parentUUID": "070a5893-d93d-4d99-a578-3a195fc8040f",
              "isHook": false,
              "skipped": false
            }
          ],
          "suites": [],
          "passes": [
            "e9b2d9b8-79c6-48ba-a852-8efce8d71e5c"
          ],
          "failures": [],
          "pending": [],
          "skipped": [],
          "duration": 8787,
          "root": false,
          "rootEmpty": false,
          "_timeout": 2000
        }
      ],
      "passes": [],
      "failures": [],
      "pending": [],
      "skipped": [],
      "duration": 0,
      "root": true,
      "rootEmpty": true,
      "_timeout": 2000
    }
  ],
  "meta": {
    "mocha": {
      "version": "7.0.1"
    },
    "mochawesome": {
      "options": {
        "quiet": false,
        "reportFilename": "my-report.html",
        "saveHtml": false,
        "saveJson": true,
        "consoleReporter": "spec",
        "useInlineDiffs": false,
        "code": true
      },
      "version": "7.1.3"
    },
    "marge": {
      "options": {
        "useInlineDiffs": true,
        "embeddedScreenshots": true,
        "reportDir": "cypress/results/.jsons",
        "reportFilename": "my-report.html",
        "overwrite": false,
        "html": false,
        "json": true,
        "charts": true,
        "reportPageTitle": "custom-title",
        "inlineAssets": true,
        "saveAllAttempts": false,
        "videoOnFailOnly": false
      },
      "version": "6.2.0"
    }
  }
}