{
  "stats": {
    "suites": 1,
    "tests": 1,
    "passes": 1,
    "pending": 0,
    "failures": 0,
    "start": "2024-11-09T20:38:52.605Z",
    "end": "2024-11-09T20:38:55.540Z",
    "duration": 2935,
    "testsRegistered": 1,
    "passPercent": 100,
    "pendingPercent": 0,
    "other": 0,
    "hasOther": false,
    "skipped": 0,
    "hasSkipped": false
  },
  "results": [
    {
      "uuid": "97298f38-4c2c-4792-9316-61fffad888c1",
      "title": "",
      "fullFile": "cypress/integration/examples/Test12.js",
      "file": "cypress/integration/examples/Test12.js",
      "beforeHooks": [],
      "afterHooks": [],
      "tests": [],
      "suites": [
        {
          "uuid": "0b64de5e-ecb7-4d6c-9edc-05b38639cc64",
          "title": "My 12 Test",
          "fullFile": "",
          "file": "",
          "beforeHooks": [],
          "afterHooks": [],
          "tests": [
            {
              "title": "Does not do much!",
              "fullTitle": "My 12 Test Does not do much!",
              "timedOut": null,
              "duration": 1932,
              "state": "passed",
              "speed": "fast",
              "pass": true,
              "fail": false,
              "pending": false,
              "context": null,
              "code": "cy.visit(\"https://rahulshettyacademy.com/angularpractice/\");\ncy.get('input[name=\"name\"]:nth-child(2)').should(\"be.visible\");\ncy.get('input[name=\"name\"]:nth-child(2)').type(this.data.name);\n// Ensure the select element is visible and log its options\ncy.get(\"select\").should(\"be.visible\").then($select => {\n  const options = $select.find(\"option\").map((i, el) => el.value).get();\n  cy.log(\"Available options:\", options);\n});\n//cy.get(\"select\").select(this.data.gender);\ncy.get(\"select\").contains(\"option\", this.data.gender).should(\"exist\");\ncy.get(\"select\").select(this.data.gender);\ncy.get('input[name=\"name\"]:nth-child(2)').should(\"have.value\", this.data.name);\ncy.get('input[name=\"name\"]:nth-child(2)').should(\"attr\", \"minlength\", \"2\");\ncy.get(\"#inlineRadio3\").should(\"be.disabled\");",
              "err": {},
              "uuid": "dd0c06d4-cdf6-46ed-8bc7-d2e5aca47b77",
              "parentUUID": "0b64de5e-ecb7-4d6c-9edc-05b38639cc64",
              "isHook": false,
              "skipped": false
            }
          ],
          "suites": [],
          "passes": [
            "dd0c06d4-cdf6-46ed-8bc7-d2e5aca47b77"
          ],
          "failures": [],
          "pending": [],
          "skipped": [],
          "duration": 1932,
          "root": false,
          "rootEmpty": false,
          "_timeout": 2000
        }
      ],
      "passes": [],
      "failures": [],
      "pending": [],
      "skipped": [],
      "duration": 0,
      "root": true,
      "rootEmpty": true,
      "_timeout": 2000
    }
  ],
  "meta": {
    "mocha": {
      "version": "7.0.1"
    },
    "mochawesome": {
      "options": {
        "quiet": false,
        "reportFilename": "my-report.html",
        "saveHtml": false,
        "saveJson": true,
        "consoleReporter": "spec",
        "useInlineDiffs": false,
        "code": true
      },
      "version": "7.1.3"
    },
    "marge": {
      "options": {
        "useInlineDiffs": true,
        "embeddedScreenshots": true,
        "reportDir": "cypress/results/.jsons",
        "reportFilename": "my-report.html",
        "overwrite": false,
        "html": false,
        "json": true,
        "charts": true,
        "reportPageTitle": "custom-title",
        "inlineAssets": true,
        "saveAllAttempts": false,
        "videoOnFailOnly": false
      },
      "version": "6.2.0"
    }
  }
}