{
  "stats": {
    "suites": 1,
    "tests": 1,
    "passes": 1,
    "pending": 0,
    "failures": 0,
    "start": "2024-11-09T20:38:46.190Z",
    "end": "2024-11-09T20:38:49.479Z",
    "duration": 3289,
    "testsRegistered": 1,
    "passPercent": 100,
    "pendingPercent": 0,
    "other": 0,
    "hasOther": false,
    "skipped": 0,
    "hasSkipped": false
  },
  "results": [
    {
      "uuid": "e4e2e9f6-0c15-4e6c-817a-cff94b917476",
      "title": "",
      "fullFile": "cypress/integration/examples/Test11.js",
      "file": "cypress/integration/examples/Test11.js",
      "beforeHooks": [],
      "afterHooks": [],
      "tests": [],
      "suites": [
        {
          "uuid": "30a52d20-62ab-48af-adfc-b7223c60fce5",
          "title": "My 11 Test",
          "fullFile": "",
          "file": "",
          "beforeHooks": [],
          "afterHooks": [],
          "tests": [
            {
              "title": "Does not do much!",
              "fullTitle": "My 11 Test Does not do much!",
              "timedOut": null,
              "duration": 1910,
              "state": "passed",
              "speed": "fast",
              "pass": true,
              "fail": false,
              "pending": false,
              "context": null,
              "code": "const monthNumber = \"6\";\nconst date = \"15\";\nconst year = \"2027\";\nconst expectedList = [monthNumber, date, year];\ncy.visit(\"https://rahulshettyacademy.com/seleniumPractise/#/offers\");\ncy.get(\".react-date-picker__inputGroup\").click();\ncy.get(\".react-calendar__navigation__label\").click();\ncy.get(\".react-calendar__navigation__label\").click();\ncy.contains(\"button\", year).click();\ncy.get(\".react-calendar__year-view__months__month\").eq(Number(monthNumber - 1)).click();\ncy.contains(\"abbr\", date).click();\ncy.get(\".react-date-picker__inputGroup__input\").each(($el, index) => {\n  cy.wrap($el).invoke(\"val\").should(\"contains\", expectedList[index]);\n});",
              "err": {},
              "uuid": "0271cf12-35d3-4903-8753-528d13ed74ca",
              "parentUUID": "30a52d20-62ab-48af-adfc-b7223c60fce5",
              "isHook": false,
              "skipped": false
            }
          ],
          "suites": [],
          "passes": [
            "0271cf12-35d3-4903-8753-528d13ed74ca"
          ],
          "failures": [],
          "pending": [],
          "skipped": [],
          "duration": 1910,
          "root": false,
          "rootEmpty": false,
          "_timeout": 2000
        }
      ],
      "passes": [],
      "failures": [],
      "pending": [],
      "skipped": [],
      "duration": 0,
      "root": true,
      "rootEmpty": true,
      "_timeout": 2000
    }
  ],
  "meta": {
    "mocha": {
      "version": "7.0.1"
    },
    "mochawesome": {
      "options": {
        "quiet": false,
        "reportFilename": "my-report.html",
        "saveHtml": false,
        "saveJson": true,
        "consoleReporter": "spec",
        "useInlineDiffs": false,
        "code": true
      },
      "version": "7.1.3"
    },
    "marge": {
      "options": {
        "useInlineDiffs": true,
        "embeddedScreenshots": true,
        "reportDir": "cypress/results/.jsons",
        "reportFilename": "my-report.html",
        "overwrite": false,
        "html": false,
        "json": true,
        "charts": true,
        "reportPageTitle": "custom-title",
        "inlineAssets": true,
        "saveAllAttempts": false,
        "videoOnFailOnly": false
      },
      "version": "6.2.0"
    }
  }
}