{
  "stats": {
    "suites": 1,
    "tests": 1,
    "passes": 1,
    "pending": 0,
    "failures": 0,
    "start": "2024-11-09T20:40:52.809Z",
    "end": "2024-11-09T20:40:57.832Z",
    "duration": 5023,
    "testsRegistered": 1,
    "passPercent": 100,
    "pendingPercent": 0,
    "other": 0,
    "hasOther": false,
    "skipped": 0,
    "hasSkipped": false
  },
  "results": [
    {
      "uuid": "e2a6bf97-dcf8-436c-bac1-2685145dee14",
      "title": "",
      "fullFile": "cypress/integration/examples/Test8.js",
      "file": "cypress/integration/examples/Test8.js",
      "beforeHooks": [],
      "afterHooks": [],
      "tests": [],
      "suites": [
        {
          "uuid": "f8ea872d-c876-4f2f-93cc-689a55970335",
          "title": "My 8 Test",
          "fullFile": "",
          "file": "",
          "beforeHooks": [],
          "afterHooks": [],
          "tests": [
            {
              "title": "Does not do much!",
              "fullTitle": "My 8 Test Does not do much!",
              "timedOut": null,
              "duration": 3486,
              "state": "passed",
              "speed": "fast",
              "pass": true,
              "fail": false,
              "pending": false,
              "context": null,
              "code": "cy.visit(\"https://rahulshettyacademy.com/AutomationPractice/\");\n//cy.get(\"div.mouse-hover-content\").invoke(\"show\");\ncy.contains(\"Top\").click({\n  force: true\n});\ncy.url().should(\"include\", \"top\");",
              "err": {},
              "uuid": "fecf64ce-52b9-4e52-a215-554ed6cdec65",
              "parentUUID": "f8ea872d-c876-4f2f-93cc-689a55970335",
              "isHook": false,
              "skipped": false
            }
          ],
          "suites": [],
          "passes": [
            "fecf64ce-52b9-4e52-a215-554ed6cdec65"
          ],
          "failures": [],
          "pending": [],
          "skipped": [],
          "duration": 3486,
          "root": false,
          "rootEmpty": false,
          "_timeout": 2000
        }
      ],
      "passes": [],
      "failures": [],
      "pending": [],
      "skipped": [],
      "duration": 0,
      "root": true,
      "rootEmpty": true,
      "_timeout": 2000
    }
  ],
  "meta": {
    "mocha": {
      "version": "7.0.1"
    },
    "mochawesome": {
      "options": {
        "quiet": false,
        "reportFilename": "my-report.html",
        "saveHtml": false,
        "saveJson": true,
        "consoleReporter": "spec",
        "useInlineDiffs": false,
        "code": true
      },
      "version": "7.1.3"
    },
    "marge": {
      "options": {
        "useInlineDiffs": true,
        "embeddedScreenshots": true,
        "reportDir": "cypress/results/.jsons",
        "reportFilename": "my-report.html",
        "overwrite": false,
        "html": false,
        "json": true,
        "charts": true,
        "reportPageTitle": "custom-title",
        "inlineAssets": true,
        "saveAllAttempts": false,
        "videoOnFailOnly": false
      },
      "version": "6.2.0"
    }
  }
}