{
  "stats": {
    "suites": 1,
    "tests": 1,
    "passes": 1,
    "pending": 0,
    "failures": 0,
    "start": "2024-11-09T20:39:56.772Z",
    "end": "2024-11-09T20:40:03.213Z",
    "duration": 6441,
    "testsRegistered": 1,
    "passPercent": 100,
    "pendingPercent": 0,
    "other": 0,
    "hasOther": false,
    "skipped": 0,
    "hasSkipped": false
  },
  "results": [
    {
      "uuid": "e625a73c-3f39-467c-824c-12701e94d92a",
      "title": "",
      "fullFile": "cypress/integration/examples/Test4.js",
      "file": "cypress/integration/examples/Test4.js",
      "beforeHooks": [],
      "afterHooks": [],
      "tests": [],
      "suites": [
        {
          "uuid": "d2b07e4b-9459-48b9-87d4-aaabd184b595",
          "title": "My 4 Test",
          "fullFile": "",
          "file": "",
          "beforeHooks": [],
          "afterHooks": [],
          "tests": [
            {
              "title": "Does not do much!",
              "fullTitle": "My 4 Test Does not do much!",
              "timedOut": null,
              "duration": 4892,
              "state": "passed",
              "speed": "fast",
              "pass": true,
              "fail": false,
              "pending": false,
              "context": null,
              "code": "cy.visit(\"https://rahulshettyacademy.com/AutomationPractice/\");\ncy.get(\"#checkBoxOption1\").check().should(\"be.checked\").and(\"have.value\", \"option1\");\n// uncheck\ncy.get(\"#checkBoxOption1\").uncheck().should(\"not.be.checked\");\n// check multiple checkboxes\ncy.get('input[type=\"checkbox\"]').check([\"option2\", \"option3\"]);\n// static dropdown\ncy.get(\"select\").select(\"option2\").should(\"have.value\", \"option2\");\n// dynamic dropdown\ncy.get(\"#autocomplete\").type(\"ind\");\ncy.get(\".ui-menu-item div\").each(($el, index, $list) => {\n  if ($el.text() === \"India\") {\n    cy.wrap($el).click();\n  }\n});\ncy.get(\"#autocomplete\").should(\"have.value\", \"India\");\n// show/ hide elements\ncy.get(\"#displayed-text\").should(\"be.visible\");\ncy.get(\"#hide-textbox\").click();\ncy.get(\"#displayed-text\").should(\"not.be.visible\");\ncy.get(\"#show-textbox\").click();\ncy.get(\"#displayed-text\").should(\"be.visible\");\n// radio buttons\ncy.get('[value=\"radio2\"]').check().should(\"be.checked\");",
              "err": {},
              "uuid": "97e258b6-d259-46b0-9747-a1b8cf184b04",
              "parentUUID": "d2b07e4b-9459-48b9-87d4-aaabd184b595",
              "isHook": false,
              "skipped": false
            }
          ],
          "suites": [],
          "passes": [
            "97e258b6-d259-46b0-9747-a1b8cf184b04"
          ],
          "failures": [],
          "pending": [],
          "skipped": [],
          "duration": 4892,
          "root": false,
          "rootEmpty": false,
          "_timeout": 2000
        }
      ],
      "passes": [],
      "failures": [],
      "pending": [],
      "skipped": [],
      "duration": 0,
      "root": true,
      "rootEmpty": true,
      "_timeout": 2000
    }
  ],
  "meta": {
    "mocha": {
      "version": "7.0.1"
    },
    "mochawesome": {
      "options": {
        "quiet": false,
        "reportFilename": "my-report.html",
        "saveHtml": false,
        "saveJson": true,
        "consoleReporter": "spec",
        "useInlineDiffs": false,
        "code": true
      },
      "version": "7.1.3"
    },
    "marge": {
      "options": {
        "useInlineDiffs": true,
        "embeddedScreenshots": true,
        "reportDir": "cypress/results/.jsons",
        "reportFilename": "my-report.html",
        "overwrite": false,
        "html": false,
        "json": true,
        "charts": true,
        "reportPageTitle": "custom-title",
        "inlineAssets": true,
        "saveAllAttempts": false,
        "videoOnFailOnly": false
      },
      "version": "6.2.0"
    }
  }
}