{
  "stats": {
    "suites": 1,
    "tests": 1,
    "passes": 1,
    "pending": 0,
    "failures": 0,
    "start": "2024-11-09T20:16:13.958Z",
    "end": "2024-11-09T20:16:25.658Z",
    "duration": 11700,
    "testsRegistered": 1,
    "passPercent": 100,
    "pendingPercent": 0,
    "other": 0,
    "hasOther": false,
    "skipped": 0,
    "hasSkipped": false
  },
  "results": [
    {
      "uuid": "880e5297-5bd7-4d7f-a25f-c30786f4ad0e",
      "title": "",
      "fullFile": "cypress/integration/examples/Test9.js",
      "file": "cypress/integration/examples/Test9.js",
      "beforeHooks": [],
      "afterHooks": [],
      "tests": [],
      "suites": [
        {
          "uuid": "c608b22a-203a-45b3-8505-4e2d29e579ea",
          "title": "My 9 Test",
          "fullFile": "",
          "file": "",
          "beforeHooks": [],
          "afterHooks": [],
          "tests": [
            {
              "title": "Does not do much!",
              "fullTitle": "My 9 Test Does not do much!",
              "timedOut": null,
              "duration": 10712,
              "state": "passed",
              "speed": "slow",
              "pass": true,
              "fail": false,
              "pending": false,
              "context": null,
              "code": "cy.visit(\"https://rahulshettyacademy.com/AutomationPractice/\");\ncy.get(\"#opentab\").then(function (el) {\n  const url = el.prop(\"href\");\n  cy.visit(url);\n  cy.origin(url, () => {\n    cy.get(\"div.sub-menu-bar a[href*='about']\").click();\n  });\n});",
              "err": {},
              "uuid": "bce544f1-b1d6-4e94-9a81-999bef56270e",
              "parentUUID": "c608b22a-203a-45b3-8505-4e2d29e579ea",
              "isHook": false,
              "skipped": false
            }
          ],
          "suites": [],
          "passes": [
            "bce544f1-b1d6-4e94-9a81-999bef56270e"
          ],
          "failures": [],
          "pending": [],
          "skipped": [],
          "duration": 10712,
          "root": false,
          "rootEmpty": false,
          "_timeout": 2000
        }
      ],
      "passes": [],
      "failures": [],
      "pending": [],
      "skipped": [],
      "duration": 0,
      "root": true,
      "rootEmpty": true,
      "_timeout": 2000
    }
  ],
  "meta": {
    "mocha": {
      "version": "7.0.1"
    },
    "mochawesome": {
      "options": {
        "quiet": false,
        "reportFilename": "my-report.html",
        "saveHtml": false,
        "saveJson": true,
        "consoleReporter": "spec",
        "useInlineDiffs": false,
        "code": true
      },
      "version": "7.1.3"
    },
    "marge": {
      "options": {
        "useInlineDiffs": true,
        "embeddedScreenshots": true,
        "reportDir": "cypress/results/.jsons",
        "reportFilename": "my-report.html",
        "overwrite": false,
        "html": false,
        "json": true,
        "charts": true,
        "reportPageTitle": "custom-title",
        "inlineAssets": true,
        "saveAllAttempts": false,
        "videoOnFailOnly": false
      },
      "version": "6.2.0"
    }
  }
}