{
  "stats": {
    "suites": 1,
    "tests": 1,
    "passes": 1,
    "pending": 0,
    "failures": 0,
    "start": "2024-11-09T20:13:58.483Z",
    "end": "2024-11-09T20:14:06.015Z",
    "duration": 7532,
    "testsRegistered": 1,
    "passPercent": 100,
    "pendingPercent": 0,
    "other": 0,
    "hasOther": false,
    "skipped": 0,
    "hasSkipped": false
  },
  "results": [
    {
      "uuid": "fd5d9b2a-8a02-4c12-8f7f-7eddeb44d1e5",
      "title": "",
      "fullFile": "cypress/integration/examples/Test10.js",
      "file": "cypress/integration/examples/Test10.js",
      "beforeHooks": [],
      "afterHooks": [],
      "tests": [],
      "suites": [
        {
          "uuid": "c8d0db02-e292-41c3-a0cc-2105cbb3377e",
          "title": "My 10 Test",
          "fullFile": "",
          "file": "",
          "beforeHooks": [],
          "afterHooks": [],
          "tests": [
            {
              "title": "Does not do much!",
              "fullTitle": "My 10 Test Does not do much!",
              "timedOut": null,
              "duration": 6376,
              "state": "passed",
              "speed": "medium",
              "pass": true,
              "fail": false,
              "pending": false,
              "context": null,
              "code": "cy.visit(\"https://rahulshettyacademy.com/AutomationPractice/\");\ncy.frameLoaded(\"#courses-iframe\");\n// Check if iframe is loaded\ncy.iframe().should(\"exist\");\n// Check if the mentorship link exists and click it\ncy.iframe().find('a[href*=\"mentorship\"]').should(\"exist\").eq(0).as(\"mentorshipLink\");\ncy.get(\"@mentorshipLink\").click();\n// Wait for the page to load\ncy.wait(2000);\n// Re-query the iframe to ensure the DOM is up-to-date\ncy.frameLoaded(\"#courses-iframe\");\n// Check if the pricing titles are present\ncy.iframe().find('h1[class*=\"pricing-title\"]').should(\"have.length\", 2);",
              "err": {},
              "uuid": "5b74e0dc-5d36-4f6c-a52e-ccac8c4ee079",
              "parentUUID": "c8d0db02-e292-41c3-a0cc-2105cbb3377e",
              "isHook": false,
              "skipped": false
            }
          ],
          "suites": [],
          "passes": [
            "5b74e0dc-5d36-4f6c-a52e-ccac8c4ee079"
          ],
          "failures": [],
          "pending": [],
          "skipped": [],
          "duration": 6376,
          "root": false,
          "rootEmpty": false,
          "_timeout": 2000
        }
      ],
      "passes": [],
      "failures": [],
      "pending": [],
      "skipped": [],
      "duration": 0,
      "root": true,
      "rootEmpty": true,
      "_timeout": 2000
    }
  ],
  "meta": {
    "mocha": {
      "version": "7.0.1"
    },
    "mochawesome": {
      "options": {
        "quiet": false,
        "reportFilename": "my-report.html",
        "saveHtml": false,
        "saveJson": true,
        "consoleReporter": "spec",
        "useInlineDiffs": false,
        "code": true
      },
      "version": "7.1.3"
    },
    "marge": {
      "options": {
        "useInlineDiffs": true,
        "embeddedScreenshots": true,
        "reportDir": "cypress/results/.jsons",
        "reportFilename": "my-report.html",
        "overwrite": false,
        "html": false,
        "json": true,
        "charts": true,
        "reportPageTitle": "custom-title",
        "inlineAssets": true,
        "saveAllAttempts": false,
        "videoOnFailOnly": false
      },
      "version": "6.2.0"
    }
  }
}