{
  "stats": {
    "suites": 1,
    "tests": 1,
    "passes": 1,
    "pending": 0,
    "failures": 0,
    "start": "2024-11-09T20:14:27.091Z",
    "end": "2024-11-09T20:14:31.200Z",
    "duration": 4109,
    "testsRegistered": 1,
    "passPercent": 100,
    "pendingPercent": 0,
    "other": 0,
    "hasOther": false,
    "skipped": 0,
    "hasSkipped": false
  },
  "results": [
    {
      "uuid": "b08bd55f-078e-4e05-8b17-1988c9b6534f",
      "title": "",
      "fullFile": "cypress/integration/examples/Test14.js",
      "file": "cypress/integration/examples/Test14.js",
      "beforeHooks": [],
      "afterHooks": [],
      "tests": [],
      "suites": [
        {
          "uuid": "5e1e3c42-8776-4ede-ab4a-ad071c03d7f7",
          "title": "My 14 Test",
          "fullFile": "",
          "file": "",
          "beforeHooks": [],
          "afterHooks": [],
          "tests": [
            {
              "title": "Does not do much!",
              "fullTitle": "My 14 Test Does not do much!",
              "timedOut": null,
              "duration": 3087,
              "state": "passed",
              "speed": "fast",
              "pass": true,
              "fail": false,
              "pending": false,
              "context": null,
              "code": "const homePage = new _HomePage.default();\nconst productPage = new _ProductPage.default();\ncy.visit(\"https://rahulshettyacademy.com/angularpractice/\");\nhomePage.getEditBox().type(this.data.name);\nhomePage.getGender().select(this.data.gender);\nhomePage.getTwoWayDataBinding().should(\"have.value\", this.data.name);\nhomePage.getEditBox().should(\"be.visible\");\n// Ensure the select element is visible and log its options\nhomePage.getGender().should(\"be.visible\").then($select => {\n  const options = $select.find(\"option\").map((i, el) => el.value).get();\n  cy.log(\"Available options:\", options);\n});\nhomePage.getGender().contains(\"option\", this.data.gender).should(\"exist\");\nhomePage.getGender().select(this.data.gender);\nhomePage.getTwoWayDataBinding().should(\"have.value\", this.data.name);\nhomePage.getEditBox().should(\"attr\", \"minlength\", \"2\");\nhomePage.getEnterpreneur().should(\"be.disabled\");\nhomePage.getShopTab().click();\nthis.data.productName.forEach(element => {\n  cy.selectProduct(element);\n});\nproductPage.getCheckoutButton().click();",
              "err": {},
              "uuid": "f3bb9622-74d1-4588-bc6c-08df2026605c",
              "parentUUID": "5e1e3c42-8776-4ede-ab4a-ad071c03d7f7",
              "isHook": false,
              "skipped": false
            }
          ],
          "suites": [],
          "passes": [
            "f3bb9622-74d1-4588-bc6c-08df2026605c"
          ],
          "failures": [],
          "pending": [],
          "skipped": [],
          "duration": 3087,
          "root": false,
          "rootEmpty": false,
          "_timeout": 2000
        }
      ],
      "passes": [],
      "failures": [],
      "pending": [],
      "skipped": [],
      "duration": 0,
      "root": true,
      "rootEmpty": true,
      "_timeout": 2000
    }
  ],
  "meta": {
    "mocha": {
      "version": "7.0.1"
    },
    "mochawesome": {
      "options": {
        "quiet": false,
        "reportFilename": "my-report.html",
        "saveHtml": false,
        "saveJson": true,
        "consoleReporter": "spec",
        "useInlineDiffs": false,
        "code": true
      },
      "version": "7.1.3"
    },
    "marge": {
      "options": {
        "useInlineDiffs": true,
        "embeddedScreenshots": true,
        "reportDir": "cypress/results/.jsons",
        "reportFilename": "my-report.html",
        "overwrite": false,
        "html": false,
        "json": true,
        "charts": true,
        "reportPageTitle": "custom-title",
        "inlineAssets": true,
        "saveAllAttempts": false,
        "videoOnFailOnly": false
      },
      "version": "6.2.0"
    }
  }
}