{
  "stats": {
    "suites": 1,
    "tests": 1,
    "passes": 1,
    "pending": 0,
    "failures": 0,
    "start": "2024-11-09T20:15:45.528Z",
    "end": "2024-11-09T20:16:00.131Z",
    "duration": 14603,
    "testsRegistered": 1,
    "passPercent": 100,
    "pendingPercent": 0,
    "other": 0,
    "hasOther": false,
    "skipped": 0,
    "hasSkipped": false
  },
  "results": [
    {
      "uuid": "b3c6d039-065b-4151-9f49-aa2e7372532d",
      "title": "",
      "fullFile": "cypress/integration/examples/Test6.js",
      "file": "cypress/integration/examples/Test6.js",
      "beforeHooks": [],
      "afterHooks": [],
      "tests": [],
      "suites": [
        {
          "uuid": "c08f09a7-51e2-4f79-ba9f-144177eef2cf",
          "title": "My 6 Test",
          "fullFile": "",
          "file": "",
          "beforeHooks": [],
          "afterHooks": [],
          "tests": [
            {
              "title": "Does not do much!",
              "fullTitle": "My 6 Test Does not do much!",
              "timedOut": null,
              "duration": 13610,
              "state": "passed",
              "speed": "slow",
              "pass": true,
              "fail": false,
              "pending": false,
              "context": null,
              "code": "cy.visit(\"https://rahulshettyacademy.com/AutomationPractice/\");\ncy.get(\"#opentab\").invoke(\"removeAttr\", \"target\").click();\ncy.origin(\"https://www.qaclickacademy.com/\", () => {\n  cy.get(\"#navbarSupportedContent a[href*='about']\").click();\n  cy.get(\".mt-50 h2\").should(\"contain\", \"Welcome to QAClick Academy \");\n});",
              "err": {},
              "uuid": "c683fa5b-deb0-4833-a6fc-762ca3b5c867",
              "parentUUID": "c08f09a7-51e2-4f79-ba9f-144177eef2cf",
              "isHook": false,
              "skipped": false
            }
          ],
          "suites": [],
          "passes": [
            "c683fa5b-deb0-4833-a6fc-762ca3b5c867"
          ],
          "failures": [],
          "pending": [],
          "skipped": [],
          "duration": 13610,
          "root": false,
          "rootEmpty": false,
          "_timeout": 2000
        }
      ],
      "passes": [],
      "failures": [],
      "pending": [],
      "skipped": [],
      "duration": 0,
      "root": true,
      "rootEmpty": true,
      "_timeout": 2000
    }
  ],
  "meta": {
    "mocha": {
      "version": "7.0.1"
    },
    "mochawesome": {
      "options": {
        "quiet": false,
        "reportFilename": "my-report.html",
        "saveHtml": false,
        "saveJson": true,
        "consoleReporter": "spec",
        "useInlineDiffs": false,
        "code": true
      },
      "version": "7.1.3"
    },
    "marge": {
      "options": {
        "useInlineDiffs": true,
        "embeddedScreenshots": true,
        "reportDir": "cypress/results/.jsons",
        "reportFilename": "my-report.html",
        "overwrite": false,
        "html": false,
        "json": true,
        "charts": true,
        "reportPageTitle": "custom-title",
        "inlineAssets": true,
        "saveAllAttempts": false,
        "videoOnFailOnly": false
      },
      "version": "6.2.0"
    }
  }
}