{
  "stats": {
    "suites": 1,
    "tests": 1,
    "passes": 1,
    "pending": 0,
    "failures": 0,
    "start": "2024-11-09T20:13:50.734Z",
    "end": "2024-11-09T20:13:57.585Z",
    "duration": 6851,
    "testsRegistered": 1,
    "passPercent": 100,
    "pendingPercent": 0,
    "other": 0,
    "hasOther": false,
    "skipped": 0,
    "hasSkipped": false
  },
  "results": [
    {
      "uuid": "ad3ec9e4-c4e4-4a22-acf9-96becede29ef",
      "title": "",
      "fullFile": "cypress/integration/examples/Test1.js",
      "file": "cypress/integration/examples/Test1.js",
      "beforeHooks": [],
      "afterHooks": [],
      "tests": [],
      "suites": [
        {
          "uuid": "fc9d1129-3678-42ca-9227-b690d855e10e",
          "title": "My First Test",
          "fullFile": "",
          "file": "",
          "beforeHooks": [],
          "afterHooks": [],
          "tests": [
            {
              "title": "Does not do much!",
              "fullTitle": "My First Test Does not do much!",
              "timedOut": null,
              "duration": 5198,
              "state": "passed",
              "speed": "medium",
              "pass": true,
              "fail": false,
              "pending": false,
              "context": null,
              "code": "cy.visit(\"https://rahulshettyacademy.com/seleniumPractise/#/\");\ncy.get(\".search-keyword\").type(\"ca\");\ncy.wait(2000);\ncy.get(\".product:visible\").should(\"have.length\", 4);\n// Parent child chaining\ncy.get(\".products\").find(\".product\").should(\"have.length\", 4);\ncy.get(\".products\").find(\".product\").eq(2).contains(\"ADD TO CART\").click();\ncy.log(\"hello\");\ncy.get(\".products\").find(\".product\").each(($el, index, $list) => {\n  const textVeg = $el.find(\"h4.product-name\").text();\n  if (textVeg.includes(\"Cashews\")) {\n    cy.wrap($el).find(\"button\").click();\n  }\n});\ncy.get(\".brand\").then(function (logoelement) {\n  cy.log(logoelement.text());\n});",
              "err": {},
              "uuid": "4d2dd99b-9a22-49de-ba50-aaa2a40d2a68",
              "parentUUID": "fc9d1129-3678-42ca-9227-b690d855e10e",
              "isHook": false,
              "skipped": false
            }
          ],
          "suites": [],
          "passes": [
            "4d2dd99b-9a22-49de-ba50-aaa2a40d2a68"
          ],
          "failures": [],
          "pending": [],
          "skipped": [],
          "duration": 5198,
          "root": false,
          "rootEmpty": false,
          "_timeout": 2000
        }
      ],
      "passes": [],
      "failures": [],
      "pending": [],
      "skipped": [],
      "duration": 0,
      "root": true,
      "rootEmpty": true,
      "_timeout": 2000
    }
  ],
  "meta": {
    "mocha": {
      "version": "7.0.1"
    },
    "mochawesome": {
      "options": {
        "quiet": false,
        "reportFilename": "my-report.html",
        "saveHtml": false,
        "saveJson": true,
        "consoleReporter": "spec",
        "useInlineDiffs": false,
        "code": true
      },
      "version": "7.1.3"
    },
    "marge": {
      "options": {
        "useInlineDiffs": true,
        "embeddedScreenshots": true,
        "reportDir": "cypress/results/.jsons",
        "reportFilename": "my-report.html",
        "overwrite": false,
        "html": false,
        "json": true,
        "charts": true,
        "reportPageTitle": "custom-title",
        "inlineAssets": true,
        "saveAllAttempts": false,
        "videoOnFailOnly": false
      },
      "version": "6.2.0"
    }
  }
}