{
  "stats": {
    "suites": 1,
    "tests": 1,
    "passes": 1,
    "pending": 0,
    "failures": 0,
    "start": "2024-11-09T20:16:07.947Z",
    "end": "2024-11-09T20:16:13.089Z",
    "duration": 5142,
    "testsRegistered": 1,
    "passPercent": 100,
    "pendingPercent": 0,
    "other": 0,
    "hasOther": false,
    "skipped": 0,
    "hasSkipped": false
  },
  "results": [
    {
      "uuid": "5f858eec-c7e9-4afa-a4d6-6db120c609db",
      "title": "",
      "fullFile": "cypress/integration/examples/Test8.js",
      "file": "cypress/integration/examples/Test8.js",
      "beforeHooks": [],
      "afterHooks": [],
      "tests": [],
      "suites": [
        {
          "uuid": "42421fa6-abd2-4590-b747-1d5fdb2fdad9",
          "title": "My 8 Test",
          "fullFile": "",
          "file": "",
          "beforeHooks": [],
          "afterHooks": [],
          "tests": [
            {
              "title": "Does not do much!",
              "fullTitle": "My 8 Test Does not do much!",
              "timedOut": null,
              "duration": 3802,
              "state": "passed",
              "speed": "fast",
              "pass": true,
              "fail": false,
              "pending": false,
              "context": null,
              "code": "cy.visit(\"https://rahulshettyacademy.com/AutomationPractice/\");\n//cy.get(\"div.mouse-hover-content\").invoke(\"show\");\ncy.contains(\"Top\").click({\n  force: true\n});\ncy.url().should(\"include\", \"top\");",
              "err": {},
              "uuid": "f28ca741-1b92-49b7-b383-0b680f9e08ae",
              "parentUUID": "42421fa6-abd2-4590-b747-1d5fdb2fdad9",
              "isHook": false,
              "skipped": false
            }
          ],
          "suites": [],
          "passes": [
            "f28ca741-1b92-49b7-b383-0b680f9e08ae"
          ],
          "failures": [],
          "pending": [],
          "skipped": [],
          "duration": 3802,
          "root": false,
          "rootEmpty": false,
          "_timeout": 2000
        }
      ],
      "passes": [],
      "failures": [],
      "pending": [],
      "skipped": [],
      "duration": 0,
      "root": true,
      "rootEmpty": true,
      "_timeout": 2000
    }
  ],
  "meta": {
    "mocha": {
      "version": "7.0.1"
    },
    "mochawesome": {
      "options": {
        "quiet": false,
        "reportFilename": "my-report.html",
        "saveHtml": false,
        "saveJson": true,
        "consoleReporter": "spec",
        "useInlineDiffs": false,
        "code": true
      },
      "version": "7.1.3"
    },
    "marge": {
      "options": {
        "useInlineDiffs": true,
        "embeddedScreenshots": true,
        "reportDir": "cypress/results/.jsons",
        "reportFilename": "my-report.html",
        "overwrite": false,
        "html": false,
        "json": true,
        "charts": true,
        "reportPageTitle": "custom-title",
        "inlineAssets": true,
        "saveAllAttempts": false,
        "videoOnFailOnly": false
      },
      "version": "6.2.0"
    }
  }
}